<?xml version="1.0" encoding="UTF-8"?>
<testng-results skipped="0" failed="0" total="1" passed="1">
  <reporter-output>
  </reporter-output>
  <suite name="Default suite" duration-ms="32190" started-at="2017-01-24T15:05:52Z" finished-at="2017-01-24T15:06:24Z">
    <groups>
    </groups>
    <test name="Default test" duration-ms="32190" started-at="2017-01-24T15:05:52Z" finished-at="2017-01-24T15:06:24Z">
      <class name="ToolsQA.Mavendemoproject.viewpageTest">
        <test-method status="PASS" signature="TestFireFox()[pri:0, instance:ToolsQA.Mavendemoproject.viewpageTest@1b604f19]" name="TestFireFox" duration-ms="32177" started-at="2017-01-24T23:05:52Z" finished-at="2017-01-24T23:06:24Z">
          <reporter-output>
          </reporter-output>
        </test-method> <!-- TestFireFox -->
      </class> <!-- ToolsQA.Mavendemoproject.viewpageTest -->
    </test> <!-- Default test -->
  </suite> <!-- Default suite -->
</testng-results>
